00:46:24: Creating resource group General
00:46:24: Creating resource group Internal
00:46:24: Creating resource group Autodetect
00:46:24: SceneManagerFactory for type 'DefaultSceneManager' registered.
00:46:24: Registering ResourceManager for type Material
00:46:24: Registering ResourceManager for type Mesh
00:46:24: Registering ResourceManager for type Skeleton
00:46:24: MovableObjectFactory for type 'ParticleSystem' registered.
00:46:24: OverlayElementFactory for type Panel registered.
00:46:24: OverlayElementFactory for type BorderPanel registered.
00:46:24: OverlayElementFactory for type TextArea registered.
00:46:24: Registering ResourceManager for type Font
00:46:24: ArchiveFactory for archive type FileSystem registered.
00:46:24: ArchiveFactory for archive type Zip registered.
00:46:24: DDS codec registering
00:46:24: FreeImage version: 3.13.1
00:46:24: This program uses FreeImage, a free, open source image library supporting all common bitmap formats. See http://freeimage.sourceforge.net for details
00:46:24: Supported formats: bmp,ico,jpg,jif,jpeg,jpe,jng,koa,iff,lbm,mng,pbm,pbm,pcd,pcx,pgm,pgm,png,ppm,ppm,ras,tga,targa,tif,tiff,wap,wbmp,wbm,psd,cut,xbm,xpm,gif,hdr,g3,sgi,exr,j2k,j2c,jp2,pfm,pct,pict,pic,bay,bmq,cr2,crw,cs1,dc2,dcr,dng,erf,fff,hdr,k25,kdc,mdc,mos,mrw,nef,orf,pef,pxn,raf,raw,rdc,sr2,srf,arw,3fr,cine,ia,kc2,mef,nrw,qtk,rw2,sti,drf,dsc,ptx,cap,iiq,rwz
00:46:24: Registering ResourceManager for type HighLevelGpuProgram
00:46:24: Registering ResourceManager for type Compositor
00:46:24: MovableObjectFactory for type 'Entity' registered.
00:46:24: MovableObjectFactory for type 'Light' registered.
00:46:24: MovableObjectFactory for type 'BillboardSet' registered.
00:46:24: MovableObjectFactory for type 'ManualObject' registered.
00:46:24: MovableObjectFactory for type 'BillboardChain' registered.
00:46:24: MovableObjectFactory for type 'RibbonTrail' registered.
00:46:24: Loading library .\RenderSystem_Direct3D9_d
00:46:24: Installing plugin: D3D9 RenderSystem
00:46:24: D3D9 : Direct3D9 Rendering Subsystem created.
00:46:24: D3D9: Driver Detection Starts
00:46:24: D3D9: Driver Detection Ends
00:46:24: Plugin successfully installed
00:46:24: Loading library .\RenderSystem_GL_d
00:46:24: Installing plugin: GL RenderSystem
00:46:24: OpenGL Rendering Subsystem created.
00:46:24: Plugin successfully installed
00:46:24: Loading library .\Plugin_CgProgramManager_d
00:46:24: Installing plugin: Cg Program Manager
00:46:24: Plugin successfully installed
00:46:24: *-*-* OGRE Initialising
00:46:24: *-*-* Version 1.7.2 (Cthugha)
00:46:24: D3D9 : RenderSystem Option: Allow NVPerfHUD = No
00:46:24: D3D9 : RenderSystem Option: FSAA = 0
00:46:24: D3D9 : RenderSystem Option: Floating-point mode = Fastest
00:46:24: D3D9 : RenderSystem Option: Full Screen = No
00:46:24: D3D9 : RenderSystem Option: Rendering Device = Monitor-1-NVIDIA GeForce 310M
00:46:24: D3D9 : RenderSystem Option: Resource Creation Policy = Create on all devices
00:46:24: D3D9 : RenderSystem Option: VSync = No
00:46:24: D3D9 : RenderSystem Option: VSync Interval = 1
00:46:24: D3D9 : RenderSystem Option: Video Mode = 800 x 600 @ 32-bit colour
00:46:24: D3D9 : RenderSystem Option: sRGB Gamma Conversion = No
00:46:27: CPU Identifier & Features
00:46:27: -------------------------
00:46:27:  *   CPU ID: GenuineIntel: Intel(R) Core(TM) i5 CPU       M 520  @ 2.40GHz
00:46:27:  *      SSE: yes
00:46:27:  *     SSE2: yes
00:46:27:  *     SSE3: yes
00:46:27:  *      MMX: yes
00:46:27:  *   MMXEXT: yes
00:46:27:  *    3DNOW: no
00:46:27:  * 3DNOWEXT: no
00:46:27:  *     CMOV: yes
00:46:27:  *      TSC: yes
00:46:27:  *      FPU: yes
00:46:27:  *      PRO: yes
00:46:27:  *       HT: no
00:46:27: -------------------------
00:46:27: D3D9 : Subsystem Initialising
00:46:27: Registering ResourceManager for type Texture
00:46:27: Registering ResourceManager for type GpuProgram
00:46:27: D3D9RenderSystem::_createRenderWindow "OGRE Render Window", 800x600 windowed  miscParams: FSAA=0 FSAAHint= colourDepth=32 gamma=false monitorIndex=0 useNVPerfHUD=false vsync=false vsyncInterval=1 
00:46:27: D3D9 : Created D3D9 Rendering Window 'OGRE Render Window' : 800x600, 32bpp
00:46:27: D3D9 : WARNING - disabling VSync in windowed mode can cause timing issues at lower frame rates, turn VSync on if you observe this problem.
00:46:27: D3D9: Vertex texture format supported - PF_FLOAT16_RGB
00:46:27: D3D9: Vertex texture format supported - PF_FLOAT16_RGBA
00:46:27: D3D9: Vertex texture format supported - PF_FLOAT32_RGB
00:46:27: D3D9: Vertex texture format supported - PF_FLOAT32_RGBA
00:46:27: D3D9: Vertex texture format supported - PF_FLOAT16_R
00:46:27: D3D9: Vertex texture format supported - PF_FLOAT32_R
00:46:27: D3D9: Vertex texture format supported - PF_FLOAT16_GR
00:46:27: D3D9: Vertex texture format supported - PF_FLOAT32_GR
00:46:27: RenderSystem capabilities
00:46:27: -------------------------
00:46:27: RenderSystem Name: Direct3D9 Rendering Subsystem
00:46:27: GPU Vendor: nvidia
00:46:27: Device Name: Monitor-1-NVIDIA GeForce 310M
00:46:27: Driver Version: 9.18.13.697
00:46:27:  * Fixed function pipeline: yes
00:46:27:  * Hardware generation of mipmaps: yes
00:46:27:  * Texture blending: yes
00:46:27:  * Anisotropic texture filtering: yes
00:46:27:  * Dot product texture operation: yes
00:46:27:  * Cube mapping: yes
00:46:27:  * Hardware stencil buffer: yes
00:46:27:    - Stencil depth: 8
00:46:27:    - Two sided stencil support: yes
00:46:27:    - Wrap stencil values: yes
00:46:27:  * Hardware vertex / index buffers: yes
00:46:27:  * Vertex programs: yes
00:46:27:  * Number of floating-point constants for vertex programs: 256
00:46:27:  * Number of integer constants for vertex programs: 16
00:46:27:  * Number of boolean constants for vertex programs: 16
00:46:27:  * Fragment programs: yes
00:46:27:  * Number of floating-point constants for fragment programs: 224
00:46:27:  * Number of integer constants for fragment programs: 16
00:46:27:  * Number of boolean constants for fragment programs: 16
00:46:27:  * Geometry programs: no
00:46:27:  * Number of floating-point constants for geometry programs: 0
00:46:27:  * Number of integer constants for geometry programs: 8
00:46:27:  * Number of boolean constants for geometry programs: 0
00:46:27:  * Supported Shader Profiles: hlsl ps_1_1 ps_1_2 ps_1_3 ps_1_4 ps_2_0 ps_2_a ps_2_b ps_2_x ps_3_0 vs_1_1 vs_2_0 vs_2_a vs_2_x vs_3_0
00:46:27:  * Texture Compression: yes
00:46:27:    - DXT: yes
00:46:27:    - VTC: no
00:46:27:    - PVRTC: no
00:46:27:  * Scissor Rectangle: yes
00:46:27:  * Hardware Occlusion Query: yes
00:46:27:  * User clip planes: yes
00:46:27:  * VET_UBYTE4 vertex element type: yes
00:46:27:  * Infinite far plane projection: yes
00:46:27:  * Hardware render-to-texture: yes
00:46:27:  * Floating point textures: yes
00:46:27:  * Non-power-of-two textures: yes
00:46:27:  * Volume textures: yes
00:46:27:  * Multiple Render Targets: 4
00:46:27:    - With different bit depths: yes
00:46:27:  * Point Sprites: yes
00:46:27:  * Extended point parameters: yes
00:46:27:  * Max Point Size: 10
00:46:27:  * Vertex texture fetch: yes
00:46:27:  * Number of world matrices: 0
00:46:27:  * Number of texture units: 8
00:46:27:  * Stencil buffer depth: 8
00:46:27:  * Number of vertex blend matrices: 0
00:46:27:    - Max vertex textures: 4
00:46:27:    - Vertex textures shared: no
00:46:27:  * Render to Vertex Buffer : no
00:46:27:  * DirectX per stage constants: yes
00:46:27: ***************************************
00:46:27: *** D3D9 : Subsystem Initialised OK ***
00:46:27: ***************************************
00:46:27: DefaultWorkQueue('Root') initialising on thread 005322C8.
00:46:27: DefaultWorkQueue('Root')::WorkerFunc - thread 062FA220 starting.
00:46:27: DefaultWorkQueue('Root')::WorkerFunc - thread 062FDA60 starting.
00:46:27: DefaultWorkQueue('Root')::WorkerFunc - thread 062FA290 starting.
00:46:27: DefaultWorkQueue('Root')::WorkerFunc - thread 063037E0 starting.
00:46:27: Particle Renderer Type 'billboard' registered
00:46:27: Creating resource group Bootstrap
00:46:27: Added resource location '../../Media' of type 'FileSystem' to resource group 'Bootstrap'
00:46:27: Added resource location '../../Media/skybox' of type 'FileSystem' to resource group 'General'
00:46:27: Added resource location '../../Media/Kinect' of type 'FileSystem' to resource group 'General'
00:46:27: Added resource location '../../Media/gpusurf' of type 'FileSystem' to resource group 'General'
00:46:27: Added resource location '../../Media/gpusurf/script' of type 'FileSystem' to resource group 'General'
00:46:27: Added resource location '../../Media/gpusurf/hlsl' of type 'FileSystem' to resource group 'General'
00:46:27: Added resource location '../../Media/gpusurf/glsl' of type 'FileSystem' to resource group 'General'
00:46:27: Added resource location '../../Media/canvas' of type 'FileSystem' to resource group 'General'
00:46:27: Added resource location '../../Media/StdQuad' of type 'FileSystem' to resource group 'General'
00:46:27: Added resource location '../../Media' of type 'FileSystem' to resource group 'General'
00:46:27: Added resource location '../../Media/OgreCore.zip' of type 'Zip' to resource group 'General'
00:46:27: Added resource location '../../Media/Sinbad.zip' of type 'Zip' to resource group 'General'
00:46:27: Parsing scripts for resource group Autodetect
00:46:27: Finished parsing scripts for resource group Autodetect
00:46:27: Parsing scripts for resource group Bootstrap
00:46:27: Finished parsing scripts for resource group Bootstrap
00:46:27: Parsing scripts for resource group General
00:46:27: Parsing script GPGPU_GLSL.program
00:46:27: Parsing script GPGPU_HLSL.program
00:46:28: Parsing script GPGPU_unified.program
00:46:28: Parsing script StdQuad_vp.program
00:46:28: Parsing script skybox.material
00:46:28: Parsing script Kinect.material
00:46:28: Parsing script GPGPU.material
00:46:28: Parsing script GPGPU_generated.material
00:46:29: Parsing script OgreCore.material
00:46:29: Parsing script OgreProfiler.material
00:46:29: Parsing script Sinbad.material
00:46:29: Parsing script GPGPU.compositor
00:46:29: Parsing script GPGPU_generated.compositor
00:46:29: Parsing script Ogre.fontdef
00:46:29: Parsing script OgreDebugPanel.overlay
00:46:29: Texture: New_Ogre_Border_Center.png: Loading 1 faces(PF_A8R8G8B8,256x128x1) with  hardware generated mipmaps from Image. Internal format is PF_A8R8G8B8,256x128x1.
00:46:29: Texture: New_Ogre_Border.png: Loading 1 faces(PF_A8R8G8B8,256x256x1) with  hardware generated mipmaps from Image. Internal format is PF_A8R8G8B8,256x256x1.
00:46:29: Texture: New_Ogre_Border_Break.png: Loading 1 faces(PF_A8R8G8B8,32x32x1) with  hardware generated mipmaps from Image. Internal format is PF_A8R8G8B8,32x32x1.
00:46:29: Texture: ogretext.png: Loading 1 faces(PF_A8R8G8B8,256x128x1) with  hardware generated mipmaps from Image. Internal format is PF_A8R8G8B8,256x128x1.
00:46:29: Parsing script OgreLoadingPanel.overlay
00:46:29: Finished parsing scripts for resource group General
00:46:29: Parsing scripts for resource group Internal
00:46:29: Finished parsing scripts for resource group Internal
00:46:29: Texture: grid_fr.jpg: Loading 1 faces(PF_R8G8B8,512x512x1) with  hardware generated mipmaps from Image. Internal format is PF_X8R8G8B8,512x512x1.
00:46:29: Texture: grid_bk.jpg: Loading 1 faces(PF_R8G8B8,512x512x1) with  hardware generated mipmaps from Image. Internal format is PF_X8R8G8B8,512x512x1.
00:46:29: Texture: grid_lf.jpg: Loading 1 faces(PF_R8G8B8,512x512x1) with  hardware generated mipmaps from Image. Internal format is PF_X8R8G8B8,512x512x1.
00:46:29: Texture: grid_rt.jpg: Loading 1 faces(PF_R8G8B8,512x512x1) with  hardware generated mipmaps from Image. Internal format is PF_X8R8G8B8,512x512x1.
00:46:30: Texture: grid_up.jpg: Loading 1 faces(PF_R8G8B8,512x512x1) with  hardware generated mipmaps from Image. Internal format is PF_X8R8G8B8,512x512x1.
00:46:30: Texture: grid_dn.jpg: Loading 1 faces(PF_R8G8B8,512x512x1) with  hardware generated mipmaps from Image. Internal format is PF_X8R8G8B8,512x512x1.
00:46:30: Mesh: Loading Sinbad.mesh.
00:46:30: Skeleton: Loading Sinbad.skeleton
00:46:30: WARNING: Sinbad.mesh is an older format ([MeshSerializer_v1.40]); you should upgrade it as soon as possible using the OgreMeshUpgrade tool.
00:46:30: Texture: sinbad_body.tga: Loading 1 faces(PF_R8G8B8,512x512x1) with  hardware generated mipmaps from Image. Internal format is PF_X8R8G8B8,512x512x1.
00:46:30: Texture: sinbad_clothes.tga: Loading 1 faces(PF_R8G8B8,512x512x1) with  hardware generated mipmaps from Image. Internal format is PF_X8R8G8B8,512x512x1.
00:46:30: Texture: sinbad_sword.tga: Loading 1 faces(PF_R8G8B8,256x256x1) with  hardware generated mipmaps from Image. Internal format is PF_X8R8G8B8,256x256x1.
00:46:30: WARNING: the mesh 'Sinbad.mesh' includes vertices with more than 4 bone assignments. The lowest weighted assignments beyond this limit have been removed, so your animation may look slightly different. To eliminate this, reduce the number of bone assignments per vertex on your mesh to 4.
00:46:30: Mesh: Loading Sword.mesh.
00:46:30: WARNING: Sword.mesh is an older format ([MeshSerializer_v1.40]); you should upgrade it as soon as possible using the OgreMeshUpgrade tool.
00:46:32: Font BlueHighwayusing texture size 512x512
00:46:32: Info: Freetype returned null for character 127 in font BlueHighway
00:46:33: Info: Freetype returned null for character 128 in font BlueHighway
00:46:33: Info: Freetype returned null for character 129 in font BlueHighway
00:46:33: Info: Freetype returned null for character 130 in font BlueHighway
00:46:33: Info: Freetype returned null for character 131 in font BlueHighway
00:46:33: Info: Freetype returned null for character 132 in font BlueHighway
00:46:33: Info: Freetype returned null for character 133 in font BlueHighway
00:46:33: Info: Freetype returned null for character 134 in font BlueHighway
00:46:33: Info: Freetype returned null for character 135 in font BlueHighway
00:46:33: Info: Freetype returned null for character 136 in font BlueHighway
00:46:33: Info: Freetype returned null for character 137 in font BlueHighway
00:46:33: Info: Freetype returned null for character 138 in font BlueHighway
00:46:33: Info: Freetype returned null for character 139 in font BlueHighway
00:46:33: Info: Freetype returned null for character 140 in font BlueHighway
00:46:33: Info: Freetype returned null for character 141 in font BlueHighway
00:46:33: Info: Freetype returned null for character 142 in font BlueHighway
00:46:33: Info: Freetype returned null for character 143 in font BlueHighway
00:46:33: Info: Freetype returned null for character 144 in font BlueHighway
00:46:33: Info: Freetype returned null for character 145 in font BlueHighway
00:46:33: Info: Freetype returned null for character 146 in font BlueHighway
00:46:33: Info: Freetype returned null for character 147 in font BlueHighway
00:46:33: Info: Freetype returned null for character 148 in font BlueHighway
00:46:33: Info: Freetype returned null for character 149 in font BlueHighway
00:46:33: Info: Freetype returned null for character 150 in font BlueHighway
00:46:33: Info: Freetype returned null for character 151 in font BlueHighway
00:46:33: Info: Freetype returned null for character 152 in font BlueHighway
00:46:33: Info: Freetype returned null for character 153 in font BlueHighway
00:46:33: Info: Freetype returned null for character 154 in font BlueHighway
00:46:33: Info: Freetype returned null for character 155 in font BlueHighway
00:46:33: Info: Freetype returned null for character 156 in font BlueHighway
00:46:33: Info: Freetype returned null for character 157 in font BlueHighway
00:46:33: Info: Freetype returned null for character 158 in font BlueHighway
00:46:33: Info: Freetype returned null for character 159 in font BlueHighway
00:46:33: Info: Freetype returned null for character 160 in font BlueHighway
00:46:33: Texture: BlueHighwayTexture: Loading 1 faces(PF_BYTE_LA,512x512x1) with 0 generated mipmaps from Image. Internal format is PF_BYTE_LA,512x512x1.
